[20:20:27] [main/INFO] (FabricLoader/GameProvider) Loading Minecraft 1.18.1 with Fabric Loader 0.12.12
[20:20:27] [main/INFO] (FabricLoader) Loading 53 mods:
	- craftingpanel 1.0.0
	- fabric 0.46.2+1.18
	- fabric-api-base 0.4.1+b4f4f6cd3a
	- fabric-api-lookup-api-v1 1.5.1+17be577f3a
	- fabric-biome-api-v1 6.0.1+ded849a93a
	- fabric-blockrenderlayer-v1 1.1.9+3ac43d953a
	- fabric-command-api-v1 1.1.6+3ac43d953a
	- fabric-commands-v0 0.2.5+b4f4f6cd3a
	- fabric-containers-v0 0.1.18+d154e2c63a
	- fabric-content-registries-v0 0.4.6+6f53a73d3a
	- fabric-crash-report-info-v1 0.1.8+3ac43d953a
	- fabric-data-generation-api-v1 1.1.2+125404533a
	- fabric-dimensions-v1 2.1.9+a1d9bbf53a
	- fabric-entity-events-v1 1.4.5+6b21378a3a
	- fabric-events-interaction-v0 0.4.16+bfa23f173a
	- fabric-events-lifecycle-v0 0.2.7+b4f4f6cd3a
	- fabric-game-rule-api-v1 1.0.10+3ac43d953a
	- fabric-gametest-api-v1 1.0.8+e66b59e93a
	- fabric-item-api-v1 1.3.0+691a79b53a
	- fabric-item-groups-v0 0.3.4+3ac43d953a
	- fabric-key-binding-api-v1 1.0.8+c8aba2f33a
	- fabric-keybindings-v0 0.2.6+b4f4f6cd3a
	- fabric-lifecycle-events-v1 1.4.11+e66b59e93a
	- fabric-loot-tables-v1 1.0.8+3ac43d953a
	- fabric-mining-level-api-v1 1.0.4+3ac43d953a
	- fabric-mining-levels-v0 0.1.9+b4f4f6cd3a
	- fabric-models-v0 0.3.3+3ac43d953a
	- fabric-networking-api-v1 1.0.18+3ac43d953a
	- fabric-networking-v0 0.3.5+b4f4f6cd3a
	- fabric-object-builder-api-v1 1.11.2+3b82842e3a
	- fabric-object-builders-v0 0.7.10+3ac43d953a
	- fabric-particles-v1 0.2.9+526dc1ac3a
	- fabric-registry-sync-v0 0.9.0+befed49e3a
	- fabric-renderer-api-v1 0.4.10+b0b66fc33a
	- fabric-renderer-indigo 0.4.13+b0b66fc33a
	- fabric-renderer-registries-v1 3.2.8+b4f4f6cd3a
	- fabric-rendering-data-attachment-v1 0.3.4+7242e9d73a
	- fabric-rendering-fluids-v1 0.1.18+3ac43d953a
	- fabric-rendering-v0 1.1.10+b4f4f6cd3a
	- fabric-rendering-v1 1.10.4+e66b59e93a
	- fabric-resource-conditions-api-v1 1.0.1+13eda0653a
	- fabric-resource-loader-v0 0.4.12+e66b59e93a
	- fabric-screen-api-v1 1.0.7+3ac43d953a
	- fabric-screen-handler-api-v1 1.1.11+3ac43d953a
	- fabric-structure-api-v1 2.1.1+0a73a6c23a
	- fabric-tag-extensions-v0 1.2.6+3ac43d953a
	- fabric-textures-v0 1.0.9+3ac43d953a
	- fabric-tool-attribute-api-v1 1.3.6+fb3b57b43a
	- fabric-transfer-api-v1 1.5.7+b4f4f6cd3a
	- fabricloader 0.12.12
	- java 17
	- malilib 0.11.4
	- minecraft 1.18.1
[20:20:28] [main/INFO] (FabricLoader/Mixin) SpongePowered MIXIN Subsystem Version=0.8.4 Source=file:/C:/Users/Usuario/.gradle/caches/modules-2/files-2.1/net.fabricmc/sponge-mixin/0.10.7+mixin.0.8.4/7a4ca9d54d9ae564dea0363d668036a8420ed9b8/sponge-mixin-0.10.7+mixin.0.8.4.jar Service=Knot/Fabric Env=CLIENT
[20:20:28] [main/INFO] (FabricLoader/Mixin) Loaded Fabric development mappings for mixin remapper!
[20:20:28] [main/INFO] (FabricLoader/Mixin) Compatibility level set to JAVA_16
[20:20:28] [main/INFO] (FabricLoader/Mixin) Compatibility level set to JAVA_17
[20:20:35] [main/WARN] (FabricLoader/Mixin) @Inject(@At("INVOKE")) Shift.BY=3 on fabric-lifecycle-events-v1.mixins.json:client.WorldChunkMixin::handler$zfa000$onLoadBlockEntity exceeds the maximum allowed value: 0. Increase the value of maxShiftBy to suppress this warning.
[20:20:38] [Render thread/INFO] (Minecraft) Environment: authHost='https://authserver.mojang.com', accountsHost='https://api.mojang.com', sessionHost='https://sessionserver.mojang.com', servicesHost='https://api.minecraftservices.com', name='PROD'
[20:20:39] [Render thread/ERROR] (Minecraft) Failed to verify authentication
com.mojang.authlib.exceptions.InvalidCredentialsException: Status: 401
	at com.mojang.authlib.exceptions.MinecraftClientHttpException.toAuthenticationException(MinecraftClientHttpException.java:56) ~[authlib-3.2.38.jar:?]
	at com.mojang.authlib.yggdrasil.YggdrasilUserApiService.fetchProperties(YggdrasilUserApiService.java:132) ~[authlib-3.2.38.jar:?]
	at com.mojang.authlib.yggdrasil.YggdrasilUserApiService.<init>(YggdrasilUserApiService.java:44) ~[authlib-3.2.38.jar:?]
	at com.mojang.authlib.yggdrasil.YggdrasilAuthenticationService.createUserApiService(YggdrasilAuthenticationService.java:153) ~[authlib-3.2.38.jar:?]
	at net.minecraft.client.MinecraftClient.createUserApiService(MinecraftClient.java:670) [minecraft-project-@-mapped.jar:?]
	at net.minecraft.client.MinecraftClient.<init>(MinecraftClient.java:424) [minecraft-project-@-mapped.jar:?]
	at net.minecraft.client.main.Main.main(Main.java:199) [minecraft-project-@-mapped.jar:?]
	at jdk.internal.reflect.NativeMethodAccessorImpl.invoke0(Native Method) ~[?:?]
	at jdk.internal.reflect.NativeMethodAccessorImpl.invoke(NativeMethodAccessorImpl.java:77) ~[?:?]
	at jdk.internal.reflect.DelegatingMethodAccessorImpl.invoke(DelegatingMethodAccessorImpl.java:43) ~[?:?]
	at java.lang.reflect.Method.invoke(Method.java:568) ~[?:?]
	at net.fabricmc.loader.impl.game.minecraft.MinecraftGameProvider.launch(MinecraftGameProvider.java:608) [fabric-loader-0.12.12.jar:?]
	at net.fabricmc.loader.impl.launch.knot.Knot.launch(Knot.java:77) [fabric-loader-0.12.12.jar:?]
	at net.fabricmc.loader.impl.launch.knot.KnotClient.main(KnotClient.java:23) [fabric-loader-0.12.12.jar:?]
	at net.fabricmc.devlaunchinjector.Main.main(Main.java:86) [dev-launch-injector-0.2.1+build.8.jar:?]
Caused by: com.mojang.authlib.exceptions.MinecraftClientHttpException: Status: 401
	at com.mojang.authlib.minecraft.client.MinecraftClient.readInputStream(MinecraftClient.java:78) ~[authlib-3.2.38.jar:?]
	at com.mojang.authlib.minecraft.client.MinecraftClient.get(MinecraftClient.java:48) ~[authlib-3.2.38.jar:?]
	at com.mojang.authlib.yggdrasil.YggdrasilUserApiService.fetchProperties(YggdrasilUserApiService.java:113) ~[authlib-3.2.38.jar:?]
	... 13 more
[20:20:39] [Render thread/INFO] (Minecraft) Setting user: Player211
[20:20:40] [Render thread/INFO] (Indigo) [Indigo] Registering Indigo renderer!
[20:20:40] [Render thread/INFO] (Minecraft) Backend library: LWJGL version 3.2.2 build 10
[20:20:45] [Render thread/INFO] (Minecraft) Narrator library for x64 successfully loaded
[20:20:46] [Render thread/INFO] (Minecraft) Reloading ResourceManager: Default, Fabric Mods (Fabric Renderer Registries (v1), Fabric Data Generation API (v1), Fabric Events Lifecycle (v0), Fabric Rendering (v1), Fabric Crash Report Info (v1), Fabric Registry Sync (v0), Fabric Loot Tables (v1), Fabric Object Builder API (v1), Fabric API, Fabric Resource Loader (v0), Crafting Panel, Fabric Rendering (v0), Fabric Screen Handler API (v1), Fabric Game Rule API (v1), Fabric Biome API (v1), Fabric Entity Events (v1), Fabric Mining Level API (v1), Fabric Content Registries (v0), Fabric Particles (v1), Fabric Structure API (v1), Fabric Key Bindings (v0), Fabric Lifecycle Events (v1), Fabric Rendering Data Attachment (v1), Fabric Object Builders (v0), Fabric Mining Levels (v0), Fabric Transfer API (v1), Fabric BlockRenderLayer Registration (v1), Fabric Commands (v0), Fabric Rendering Fluids (v1), MaLiLib, Fabric Renderer - Indigo, Fabric API Base, Fabric Item API (v1), Fabric Dimensions API (v1), Fabric Networking API (v1), Fabric Loader, Fabric Screen API (v1), Fabric Renderer API (v1), Fabric Networking (v0), Fabric API Lookup API (v1), Fabric Containers (v0), Fabric Key Binding API (v1), Fabric Tag Extensions (v0), Fabric Models (v0), Fabric Item Groups (v0), Fabric Resource Conditions API (v1), Fabric Game Test API (v1), Fabric Tool Attribute API (v1), Fabric Textures (v0), Fabric Events Interaction (v0), Fabric Command API (v1))
[20:20:47] [Realms Notification Availability checker #1/INFO] (Minecraft) Could not authorize you against Realms server: Invalid session id
[20:20:50] [Render thread/INFO] (Minecraft) OpenAL initialized on device OpenAL Soft on Altavoces (3- HyperX Cloud Flight Wireless Headset)
[20:20:50] [Render thread/INFO] (Minecraft) Sound engine started
[20:20:51] [Render thread/INFO] (Minecraft) Created: 1024x1024x4 minecraft:textures/atlas/blocks.png-atlas
[20:20:51] [Render thread/INFO] (Minecraft) Created: 256x128x4 minecraft:textures/atlas/signs.png-atlas
[20:20:51] [Render thread/INFO] (Minecraft) Created: 1024x512x4 minecraft:textures/atlas/banner_patterns.png-atlas
[20:20:51] [Render thread/INFO] (Minecraft) Created: 1024x512x4 minecraft:textures/atlas/shield_patterns.png-atlas
[20:20:51] [Render thread/INFO] (Minecraft) Created: 256x256x4 minecraft:textures/atlas/chest.png-atlas
[20:20:51] [Render thread/INFO] (Minecraft) Created: 512x256x4 minecraft:textures/atlas/beds.png-atlas
[20:20:51] [Render thread/INFO] (Minecraft) Created: 512x256x4 minecraft:textures/atlas/shulker_boxes.png-atlas
[20:20:53] [Render thread/INFO] (Minecraft) Created: 256x256x0 minecraft:textures/atlas/particles.png-atlas
[20:20:53] [Render thread/INFO] (Minecraft) Created: 256x256x0 minecraft:textures/atlas/paintings.png-atlas
[20:20:53] [Render thread/INFO] (Minecraft) Created: 256x128x0 minecraft:textures/atlas/mob_effects.png-atlas
[20:20:59] [Render thread/WARN] (Minecraft) Ambiguity between arguments [teleport, location] and [teleport, destination] with inputs: [0.1 -0.5 .9, 0 0 0]
[20:20:59] [Render thread/WARN] (Minecraft) Ambiguity between arguments [teleport, location] and [teleport, targets] with inputs: [0.1 -0.5 .9, 0 0 0]
[20:20:59] [Render thread/WARN] (Minecraft) Ambiguity between arguments [teleport, destination] and [teleport, targets] with inputs: [Player, 0123, @e, dd12be42-52a9-4a91-a8a1-11c01849e498]
[20:20:59] [Render thread/WARN] (Minecraft) Ambiguity between arguments [teleport, targets] and [teleport, destination] with inputs: [Player, 0123, dd12be42-52a9-4a91-a8a1-11c01849e498]
[20:20:59] [Render thread/WARN] (Minecraft) Ambiguity between arguments [teleport, targets, location] and [teleport, targets, destination] with inputs: [0.1 -0.5 .9, 0 0 0]
[20:20:59] [Render thread/INFO] (Minecraft) Reloading ResourceManager: Default, Fabric Mods (Fabric Game Test API (v1), Fabric Tool Attribute API (v1))
[20:20:59] [Render thread/INFO] (Minecraft) Loaded 7 recipes
[20:21:00] [Render thread/INFO] (Minecraft) Loaded 1141 advancements
[20:21:00] [Render thread/INFO] (BiomeModificationImpl) Applied 0 biome modifications to 0 of 61 new biomes in 3.467 ms
[20:21:02] [Render thread/INFO] (Minecraft) Environment: authHost='https://authserver.mojang.com', accountsHost='https://api.mojang.com', sessionHost='https://sessionserver.mojang.com', servicesHost='https://api.minecraftservices.com', name='PROD'
[20:21:02] [Server thread/INFO] (Minecraft) Starting integrated minecraft server version 1.18.1
[20:21:02] [Server thread/INFO] (Minecraft) Generating keypair
[20:21:02] [Server thread/INFO] (Minecraft) Preparing start region for dimension minecraft:overworld
[20:21:04] [Render thread/INFO] (Minecraft) Preparing spawn area: 0%
[20:21:04] [Render thread/INFO] (Minecraft) Preparing spawn area: 0%
[20:21:04] [Render thread/INFO] (Minecraft) Preparing spawn area: 0%
[20:21:04] [Render thread/INFO] (Minecraft) Preparing spawn area: 0%
[20:21:04] [Render thread/INFO] (Minecraft) Preparing spawn area: 0%
[20:21:05] [Render thread/INFO] (Minecraft) Preparing spawn area: 0%
[20:21:11] [Render thread/INFO] (Minecraft) Preparing spawn area: 0%
[20:21:11] [Render thread/INFO] (Minecraft) Preparing spawn area: 0%
[20:21:11] [Render thread/INFO] (Minecraft) Preparing spawn area: 0%
[20:21:11] [Render thread/INFO] (Minecraft) Preparing spawn area: 0%
[20:21:11] [Render thread/INFO] (Minecraft) Preparing spawn area: 0%
[20:21:11] [Render thread/INFO] (Minecraft) Preparing spawn area: 0%
[20:21:11] [Render thread/INFO] (Minecraft) Preparing spawn area: 0%
[20:21:11] [Render thread/INFO] (Minecraft) Preparing spawn area: 0%
[20:21:11] [Render thread/INFO] (Minecraft) Preparing spawn area: 0%
[20:21:11] [Render thread/INFO] (Minecraft) Preparing spawn area: 0%
[20:21:11] [Render thread/INFO] (Minecraft) Preparing spawn area: 0%
[20:21:11] [Render thread/INFO] (Minecraft) Preparing spawn area: 0%
[20:21:11] [Render thread/INFO] (Minecraft) Preparing spawn area: 0%
[20:21:12] [Render thread/INFO] (Minecraft) Preparing spawn area: 7%
[20:21:12] [Render thread/INFO] (Minecraft) Preparing spawn area: 12%
[20:21:13] [Render thread/INFO] (Minecraft) Preparing spawn area: 23%
[20:21:13] [Render thread/INFO] (Minecraft) Preparing spawn area: 32%
[20:21:14] [Render thread/INFO] (Minecraft) Preparing spawn area: 55%
[20:21:14] [Render thread/INFO] (Minecraft) Preparing spawn area: 68%
[20:21:15] [Render thread/INFO] (Minecraft) Preparing spawn area: 84%
[20:21:15] [Render thread/INFO] (Minecraft) Preparing spawn area: 98%
[20:21:15] [Render thread/INFO] (Minecraft) Time elapsed: 13093 ms
[20:21:16] [Server thread/INFO] (Minecraft) Changing view distance to 12, from 10
[20:21:16] [Server thread/INFO] (Minecraft) Changing simulation distance to 12, from 0
[20:21:19] [Server thread/INFO] (Minecraft) Player211[local:E:1d33d3fb] logged in with entity id 85 at (-125.8004735488953, 71.0, -122.65124359574543)
[20:21:19] [Server thread/INFO] (Minecraft) Player211 joined the game
[20:21:21] [Render thread/INFO] (Minecraft) Loaded 19 advancements
[20:22:13] [Server thread/WARN] (Minecraft) Can't keep up! Is the server overloaded? Running 9188ms or 183 ticks behind
[20:23:09] [Server thread/WARN] (Minecraft) Can't keep up! Is the server overloaded? Running 40769ms or 815 ticks behind
[20:50:02] [Server thread/WARN] (Minecraft) Can't keep up! Is the server overloaded? Running 1598308ms or 31966 ticks behind
[21:19:07] [Server thread/WARN] (Minecraft) Can't keep up! Is the server overloaded? Running 8442ms or 168 ticks behind
[21:23:57] [Server thread/WARN] (Minecraft) Can't keep up! Is the server overloaded? Running 275443ms or 5508 ticks behind
[21:44:35] [Server thread/INFO] (Minecraft) [Player211: Gave 3 [Redstone Dust] to Player211]
[21:44:35] [Render thread/INFO] (Minecraft) [CHAT] Gave 3 [Redstone Dust] to Player211
[21:44:35] [Render thread/INFO] (Minecraft) Loaded 27 advancements
[21:44:40] [Server thread/INFO] (Minecraft) [Player211: Gave 3 [Gold Ingot] to Player211]
[21:44:40] [Render thread/INFO] (Minecraft) [CHAT] Gave 3 [Gold Ingot] to Player211
[21:44:40] [Render thread/INFO] (Minecraft) Loaded 40 advancements
[21:44:46] [Server thread/INFO] (Minecraft) [Player211: Gave 18 [Stick] to Player211]
[21:44:46] [Render thread/INFO] (Minecraft) [CHAT] Gave 18 [Stick] to Player211
[21:44:46] [Render thread/INFO] (Minecraft) Loaded 49 advancements
[21:44:48] [Render thread/INFO] (Minecraft) Loaded 52 advancements
[21:45:35] [Render thread/INFO] (Minecraft) Loaded 53 advancements
[21:47:57] [Server thread/INFO] (Minecraft) Saving and pausing game...
[21:47:57] [Server thread/INFO] (Minecraft) Saving chunks for level 'ServerLevel[New World]'/minecraft:overworld
[21:47:57] [Server thread/INFO] (Minecraft) Saving chunks for level 'ServerLevel[New World]'/minecraft:the_nether
[21:47:57] [Server thread/INFO] (Minecraft) Saving chunks for level 'ServerLevel[New World]'/minecraft:the_end
[22:04:01] [Server thread/INFO] (Minecraft) Saving and pausing game...
[22:04:01] [Server thread/INFO] (Minecraft) Saving chunks for level 'ServerLevel[New World]'/minecraft:overworld
[22:04:01] [Server thread/INFO] (Minecraft) Saving chunks for level 'ServerLevel[New World]'/minecraft:the_nether
[22:04:01] [Server thread/INFO] (Minecraft) Saving chunks for level 'ServerLevel[New World]'/minecraft:the_end
[22:10:06] [Server thread/INFO] (Minecraft) Saving and pausing game...
[22:10:06] [Server thread/INFO] (Minecraft) Saving chunks for level 'ServerLevel[New World]'/minecraft:overworld
[22:10:06] [Server thread/INFO] (Minecraft) Saving chunks for level 'ServerLevel[New World]'/minecraft:the_nether
[22:10:06] [Server thread/INFO] (Minecraft) Saving chunks for level 'ServerLevel[New World]'/minecraft:the_end
[22:10:12] [Server thread/INFO] (Minecraft) Saving and pausing game...
[22:10:12] [Server thread/INFO] (Minecraft) Saving chunks for level 'ServerLevel[New World]'/minecraft:overworld
[22:10:12] [Server thread/INFO] (Minecraft) Saving chunks for level 'ServerLevel[New World]'/minecraft:the_nether
[22:10:12] [Server thread/INFO] (Minecraft) Saving chunks for level 'ServerLevel[New World]'/minecraft:the_end
[22:10:12] [Server thread/INFO] (Minecraft) Player211 lost connection: Disconnected
[22:10:12] [Server thread/INFO] (Minecraft) Player211 left the game
[22:10:12] [Server thread/INFO] (Minecraft) Stopping singleplayer server as player logged out
[22:10:12] [Server thread/INFO] (Minecraft) Stopping server
[22:10:12] [Server thread/INFO] (Minecraft) Saving players
[22:10:12] [Server thread/INFO] (Minecraft) Saving worlds
[22:10:12] [Server thread/INFO] (Minecraft) Saving chunks for level 'ServerLevel[New World]'/minecraft:overworld
[22:10:13] [Server thread/INFO] (Minecraft) Saving chunks for level 'ServerLevel[New World]'/minecraft:the_nether
[22:10:13] [Server thread/INFO] (Minecraft) Saving chunks for level 'ServerLevel[New World]'/minecraft:the_end
[22:10:13] [Server thread/INFO] (Minecraft) ThreadedAnvilChunkStorage (New World (1)): All chunks are saved
[22:10:13] [Server thread/INFO] (Minecraft) ThreadedAnvilChunkStorage (DIM-1): All chunks are saved
[22:10:13] [Server thread/INFO] (Minecraft) ThreadedAnvilChunkStorage (DIM1): All chunks are saved
[22:10:13] [Server thread/INFO] (Minecraft) ThreadedAnvilChunkStorage: All dimensions are saved
[22:10:14] [Render thread/INFO] (Minecraft) Stopping!
